<?xml version="1.0" encoding="UTF-8"?>
<testng-results total="1" passed="1" failed="0" skipped="0">
  <reporter-output>
  </reporter-output>
  <suite started-at="2022-12-06T04:07:25Z" name="Default suite" finished-at="2022-12-06T04:07:57Z" duration-ms="32058">
    <groups>
    </groups>
    <test started-at="2022-12-06T04:07:25Z" name="Default test" finished-at="2022-12-06T04:07:57Z" duration-ms="32058">
      <class name="demo.demos">
        <test-method signature="te()[pri:0, instance:demo.demos@5a3bc7ed]" started-at="2022-12-06T09:37:25Z" name="te" finished-at="2022-12-06T09:37:57Z" duration-ms="31987" status="PASS">
          <reporter-output>
          </reporter-output>
        </test-method> <!-- te -->
      </class> <!-- demo.demos -->
    </test> <!-- Default test -->
  </suite> <!-- Default suite -->
</testng-results>
