<?xml version="1.0" encoding="UTF-8"?>
<!-- Generated by org.testng.reporters.JUnitXMLReporter -->
<testsuite hostname="DESKTOP-BN58NSU" failures="0" tests="9" name="Test" time="249.037" errors="0" timestamp="28 Nov 2022 09:05:34 GMT">
  <testcase classname="Categories.category" name="testcase1" time="0.35"/>
  <testcase classname="Categories.category" name="testcase2" time="10.746"/>
  <testcase classname="Categories.category" name="testcase3" time="56.537"/>
  <testcase classname="Categories.category" name="testcase4" time="20.033"/>
  <testcase classname="Categories.category" name="testcase5" time="10.484"/>
  <testcase classname="Categories.category" name="testcase6" time="11.836"/>
  <testcase classname="Categories.category" name="testcase7" time="5.945"/>
  <testcase classname="Categories.category" name="testcase8" time="6.06"/>
  <testcase classname="Categories.category" name="testcase9" time="39.889"/>
</testsuite> <!-- Test -->
