<?xml version="1.0" encoding="UTF-8"?>
<testng-results total="2" passed="2" failed="0" skipped="0">
  <reporter-output>
  </reporter-output>
  <suite started-at="2022-11-13T14:17:02Z" name="Suite" finished-at="2022-11-13T14:17:03Z" duration-ms="249">
    <groups>
      <group name="regression2">
        <method signature="groups.tc2()[pri:2, instance:testngdemo.groups@5ef5c734]" name="tc2" class="testngdemo.groups"/>
        <method signature="groups.tc4()[pri:2, instance:testngdemo.groups@5ef5c734]" name="tc4" class="testngdemo.groups"/>
      </group> <!-- regression2 -->
    </groups>
    <test started-at="2022-11-13T14:17:02Z" name="Test" finished-at="2022-11-13T14:17:03Z" duration-ms="249">
      <class name="testngdemo.groups">
        <test-method signature="tc2()[pri:2, instance:testngdemo.groups@5ef5c734]" started-at="2022-11-13T19:47:02Z" name="tc2" finished-at="2022-11-13T19:47:03Z" duration-ms="109" status="PASS">
          <reporter-output>
          </reporter-output>
        </test-method> <!-- tc2 -->
        <test-method signature="tc4()[pri:2, instance:testngdemo.groups@5ef5c734]" started-at="2022-11-13T19:47:03Z" name="tc4" finished-at="2022-11-13T19:47:03Z" duration-ms="7" status="PASS">
          <reporter-output>
          </reporter-output>
        </test-method> <!-- tc4 -->
      </class> <!-- testngdemo.groups -->
    </test> <!-- Test -->
  </suite> <!-- Suite -->
</testng-results>
