<?xml version="1.0" encoding="UTF-8"?>
<!-- Generated by org.testng.reporters.JUnitXMLReporter -->
<testsuite hostname="DESKTOP-BN58NSU" failures="0" tests="9" name="Default test" time="191.873" errors="0" timestamp="27 Nov 2022 18:08:29 GMT">
  <testcase classname="Categories.category" name="testcase1" time="0.373"/>
  <testcase classname="Categories.category" name="testcase2" time="10.751"/>
  <testcase classname="Categories.category" name="testcase3" time="58.768"/>
  <testcase classname="Categories.category" name="testcase4" time="20.039"/>
  <testcase classname="Categories.category" name="testcase5" time="10.154"/>
  <testcase classname="Categories.category" name="testcase6" time="10.639"/>
  <testcase classname="Categories.category" name="testcase7" time="5.817"/>
  <testcase classname="Categories.category" name="testcase8" time="5.765"/>
  <testcase classname="Categories.category" name="testcase9" time="35.136"/>
</testsuite> <!-- Default test -->
