<?xml version="1.0" encoding="UTF-8"?>
<testng-results total="1" passed="1" failed="0" skipped="0">
  <reporter-output>
  </reporter-output>
  <suite started-at="2022-11-13T16:25:07Z" name="Default suite" finished-at="2022-11-13T16:25:51Z" duration-ms="43680">
    <groups>
    </groups>
    <test started-at="2022-11-13T16:25:07Z" name="Default test" finished-at="2022-11-13T16:25:51Z" duration-ms="43680">
      <class name="demo.ExtentReport2">
        <test-method is-config="true" signature="beforetest()[pri:0, instance:demo.ExtentReport2@54504ecd]" started-at="2022-11-13T21:55:07Z" name="beforetest" finished-at="2022-11-13T21:55:41Z" duration-ms="33700" status="PASS">
          <reporter-output>
          </reporter-output>
        </test-method> <!-- beforetest -->
        <test-method signature="Testcase1()[pri:0, instance:demo.ExtentReport2@54504ecd]" started-at="2022-11-13T21:55:41Z" name="Testcase1" finished-at="2022-11-13T21:55:46Z" duration-ms="4894" status="PASS">
          <reporter-output>
          </reporter-output>
        </test-method> <!-- Testcase1 -->
        <test-method is-config="true" signature="aftertest()[pri:0, instance:demo.ExtentReport2@54504ecd]" started-at="2022-11-13T21:55:46Z" name="aftertest" finished-at="2022-11-13T21:55:51Z" duration-ms="4945" status="PASS">
          <reporter-output>
          </reporter-output>
        </test-method> <!-- aftertest -->
      </class> <!-- demo.ExtentReport2 -->
    </test> <!-- Default test -->
  </suite> <!-- Default suite -->
</testng-results>
