<?xml version="1.0" encoding="UTF-8"?>
<testng-results total="9" passed="9" failed="0" skipped="0">
  <reporter-output>
  </reporter-output>
  <suite started-at="2022-11-28T09:01:24Z" name="Suite" finished-at="2022-11-28T09:05:33Z" duration-ms="249037">
    <groups>
    </groups>
    <test started-at="2022-11-28T09:01:24Z" name="Test" finished-at="2022-11-28T09:05:33Z" duration-ms="249037">
      <class name="Categories.category">
        <test-method is-config="true" signature="beforetest()[pri:0, instance:Categories.category@5f354bcf]" started-at="2022-11-28T14:31:24Z" name="beforetest" finished-at="2022-11-28T14:32:48Z" duration-ms="84285" status="PASS">
          <reporter-output>
          </reporter-output>
        </test-method> <!-- beforetest -->
        <test-method signature="testcase1()[pri:0, instance:Categories.category@5f354bcf]" started-at="2022-11-28T14:32:48Z" name="testcase1" finished-at="2022-11-28T14:32:49Z" duration-ms="350" status="PASS">
          <reporter-output>
          </reporter-output>
        </test-method> <!-- testcase1 -->
        <test-method signature="testcase2()[pri:0, instance:Categories.category@5f354bcf]" started-at="2022-11-28T14:32:49Z" name="testcase2" finished-at="2022-11-28T14:32:59Z" duration-ms="10746" status="PASS">
          <reporter-output>
          </reporter-output>
        </test-method> <!-- testcase2 -->
        <test-method signature="testcase3()[pri:0, instance:Categories.category@5f354bcf]" started-at="2022-11-28T14:32:59Z" name="testcase3" finished-at="2022-11-28T14:33:56Z" duration-ms="56537" status="PASS">
          <reporter-output>
          </reporter-output>
        </test-method> <!-- testcase3 -->
        <test-method signature="testcase4()[pri:0, instance:Categories.category@5f354bcf]" started-at="2022-11-28T14:33:56Z" name="testcase4" finished-at="2022-11-28T14:34:16Z" duration-ms="20033" status="PASS">
          <reporter-output>
          </reporter-output>
        </test-method> <!-- testcase4 -->
        <test-method signature="testcase5()[pri:0, instance:Categories.category@5f354bcf]" started-at="2022-11-28T14:34:16Z" name="testcase5" finished-at="2022-11-28T14:34:27Z" duration-ms="10484" status="PASS">
          <reporter-output>
          </reporter-output>
        </test-method> <!-- testcase5 -->
        <test-method signature="testcase6()[pri:0, instance:Categories.category@5f354bcf]" started-at="2022-11-28T14:34:27Z" name="testcase6" finished-at="2022-11-28T14:34:38Z" duration-ms="11836" status="PASS">
          <reporter-output>
          </reporter-output>
        </test-method> <!-- testcase6 -->
        <test-method signature="testcase7()[pri:0, instance:Categories.category@5f354bcf]" started-at="2022-11-28T14:34:38Z" name="testcase7" finished-at="2022-11-28T14:34:44Z" duration-ms="5945" status="PASS">
          <reporter-output>
          </reporter-output>
        </test-method> <!-- testcase7 -->
        <test-method signature="testcase8()[pri:0, instance:Categories.category@5f354bcf]" started-at="2022-11-28T14:34:44Z" name="testcase8" finished-at="2022-11-28T14:34:50Z" duration-ms="6060" status="PASS">
          <reporter-output>
          </reporter-output>
        </test-method> <!-- testcase8 -->
        <test-method signature="testcase9()[pri:0, instance:Categories.category@5f354bcf]" started-at="2022-11-28T14:34:50Z" name="testcase9" finished-at="2022-11-28T14:35:30Z" duration-ms="39889" status="PASS">
          <reporter-output>
          </reporter-output>
        </test-method> <!-- testcase9 -->
        <test-method is-config="true" signature="af()[pri:0, instance:Categories.category@5f354bcf]" started-at="2022-11-28T14:35:30Z" name="af" finished-at="2022-11-28T14:35:33Z" duration-ms="2797" status="PASS">
          <reporter-output>
          </reporter-output>
        </test-method> <!-- af -->
      </class> <!-- Categories.category -->
    </test> <!-- Test -->
  </suite> <!-- Suite -->
</testng-results>
