<?xml version="1.0" encoding="UTF-8"?>
<testng-results total="9" passed="9" failed="0" skipped="0">
  <reporter-output>
  </reporter-output>
  <suite started-at="2022-11-30T19:05:41Z" name="Default suite" finished-at="2022-11-30T19:09:14Z" duration-ms="213325">
    <groups>
    </groups>
    <test started-at="2022-11-30T19:05:41Z" name="Default test" finished-at="2022-11-30T19:09:14Z" duration-ms="213325">
      <class name="koo_remain_testcases.test_cases">
        <test-method is-config="true" signature="beforetest()[pri:0, instance:koo_remain_testcases.test_cases@5f354bcf]" started-at="2022-12-01T00:35:41Z" name="beforetest" finished-at="2022-12-01T00:36:12Z" duration-ms="31440" status="PASS">
          <reporter-output>
          </reporter-output>
        </test-method> <!-- beforetest -->
        <test-method signature="test_case1()[pri:0, instance:koo_remain_testcases.test_cases@5f354bcf]" started-at="2022-12-01T00:36:12Z" name="test_case1" finished-at="2022-12-01T00:36:14Z" duration-ms="2053" status="PASS">
          <reporter-output>
          </reporter-output>
        </test-method> <!-- test_case1 -->
        <test-method signature="test_case2()[pri:0, instance:koo_remain_testcases.test_cases@5f354bcf]" started-at="2022-12-01T00:36:14Z" name="test_case2" finished-at="2022-12-01T00:36:22Z" duration-ms="7961" status="PASS">
          <reporter-output>
          </reporter-output>
        </test-method> <!-- test_case2 -->
        <test-method signature="test_case3()[pri:0, instance:koo_remain_testcases.test_cases@5f354bcf]" started-at="2022-12-01T00:36:22Z" name="test_case3" finished-at="2022-12-01T00:37:13Z" duration-ms="51023" status="PASS">
          <reporter-output>
          </reporter-output>
        </test-method> <!-- test_case3 -->
        <test-method signature="test_case4()[pri:0, instance:koo_remain_testcases.test_cases@5f354bcf]" started-at="2022-12-01T00:37:13Z" name="test_case4" finished-at="2022-12-01T00:37:22Z" duration-ms="8628" status="PASS">
          <reporter-output>
          </reporter-output>
        </test-method> <!-- test_case4 -->
        <test-method signature="test_case5()[pri:0, instance:koo_remain_testcases.test_cases@5f354bcf]" started-at="2022-12-01T00:37:22Z" name="test_case5" finished-at="2022-12-01T00:37:34Z" duration-ms="12161" status="PASS">
          <reporter-output>
          </reporter-output>
        </test-method> <!-- test_case5 -->
        <test-method signature="test_case6()[pri:0, instance:koo_remain_testcases.test_cases@5f354bcf]" started-at="2022-12-01T00:37:34Z" name="test_case6" finished-at="2022-12-01T00:38:13Z" duration-ms="39531" status="PASS">
          <reporter-output>
          </reporter-output>
        </test-method> <!-- test_case6 -->
        <test-method signature="test_case7()[pri:0, instance:koo_remain_testcases.test_cases@5f354bcf]" started-at="2022-12-01T00:38:13Z" name="test_case7" finished-at="2022-12-01T00:38:39Z" duration-ms="25817" status="PASS">
          <reporter-output>
          </reporter-output>
        </test-method> <!-- test_case7 -->
        <test-method signature="test_case8()[pri:0, instance:koo_remain_testcases.test_cases@5f354bcf]" started-at="2022-12-01T00:38:39Z" name="test_case8" finished-at="2022-12-01T00:38:56Z" duration-ms="16594" status="PASS">
          <reporter-output>
          </reporter-output>
        </test-method> <!-- test_case8 -->
        <test-method signature="test_case9()[pri:0, instance:koo_remain_testcases.test_cases@5f354bcf]" started-at="2022-12-01T00:38:56Z" name="test_case9" finished-at="2022-12-01T00:39:11Z" duration-ms="15134" status="PASS">
          <reporter-output>
          </reporter-output>
        </test-method> <!-- test_case9 -->
        <test-method is-config="true" signature="aftest()[pri:0, instance:koo_remain_testcases.test_cases@5f354bcf]" started-at="2022-12-01T00:39:11Z" name="aftest" finished-at="2022-12-01T00:39:14Z" duration-ms="2870" status="PASS">
          <reporter-output>
          </reporter-output>
        </test-method> <!-- aftest -->
      </class> <!-- koo_remain_testcases.test_cases -->
    </test> <!-- Default test -->
  </suite> <!-- Default suite -->
</testng-results>
