<?xml version="1.0" encoding="UTF-8"?>
<!-- Generated by org.testng.reporters.JUnitXMLReporter -->
<testsuite hostname="DESKTOP-BN58NSU" failures="0" tests="9" name="Default test" time="213.325" errors="0" timestamp="30 Nov 2022 19:09:14 GMT">
  <testcase classname="koo_remain_testcases.test_cases" name="test_case1" time="2.053"/>
  <testcase classname="koo_remain_testcases.test_cases" name="test_case2" time="7.961"/>
  <testcase classname="koo_remain_testcases.test_cases" name="test_case3" time="51.023"/>
  <testcase classname="koo_remain_testcases.test_cases" name="test_case4" time="8.628"/>
  <testcase classname="koo_remain_testcases.test_cases" name="test_case5" time="12.161"/>
  <testcase classname="koo_remain_testcases.test_cases" name="test_case6" time="39.531"/>
  <testcase classname="koo_remain_testcases.test_cases" name="test_case7" time="25.817"/>
  <testcase classname="koo_remain_testcases.test_cases" name="test_case8" time="16.594"/>
  <testcase classname="koo_remain_testcases.test_cases" name="test_case9" time="15.134"/>
</testsuite> <!-- Default test -->
